2025-11-18T23:50:00.618Z INFO  [grainger] Starting scraping of 576 products on Grainger Canada...
2025-11-18T23:50:00.619Z INFO  [grainger] Initializing browser...
2025-11-18T23:50:01.138Z INFO  [grainger] Browser initialized successfully
2025-11-18T23:50:01.138Z INFO  [grainger] 
[1/576] Processing: ATL-12600
2025-11-18T23:50:01.139Z INFO  [grainger] Scraping product: ATL-12600 - BREAKAWAY Dust mop wood handle 60''
2025-11-18T23:50:01.139Z DEBUG [grainger] Step 1: Searching by SKU...
2025-11-18T23:50:01.139Z DEBUG [grainger] Searching for SKU: ATL-12600
2025-11-18T23:50:01.139Z DEBUG [grainger] Navigating to https://www.grainger.ca/en/search?searchQuery=ATL-12600 (attempt 1/3)
2025-11-18T23:50:02.521Z DEBUG [grainger] Successfully navigated to https://www.grainger.ca/en/search?searchQuery=ATL-12600
2025-11-18T23:50:03.357Z DEBUG [grainger] No product items found
2025-11-18T23:50:03.357Z DEBUG [grainger] Step 2: Searching by name + brand...
2025-11-18T23:50:03.357Z DEBUG [grainger] Searching by name: breakaway dust mop wood handle 60'' (brand: ATL)
2025-11-18T23:50:03.640Z DEBUG [grainger] Navigating to https://www.grainger.ca/en/search?searchQuery=ATL%20breakaway%20dust%20mop%20wood%20handle%2060'' (attempt 1/3)
2025-11-18T23:50:04.825Z DEBUG [grainger] Successfully navigated to https://www.grainger.ca/en/search?searchQuery=ATL%20breakaway%20dust%20mop%20wood%20handle%2060''
2025-11-18T23:50:04.836Z DEBUG [grainger] No products found in results
2025-11-18T23:50:04.836Z INFO  [grainger] ✗ Product not found on Grainger Canada
2025-11-18T23:50:06.337Z INFO  [grainger] 
[2/576] Processing: ATL-14505
2025-11-18T23:50:06.337Z INFO  [grainger] Scraping product: ATL-14505 - WALL HUGGER Wall wash tool 8''
2025-11-18T23:50:06.338Z DEBUG [grainger] Step 1: Searching by SKU...
2025-11-18T23:50:06.338Z DEBUG [grainger] Searching for SKU: ATL-14505
2025-11-18T23:50:06.338Z DEBUG [grainger] Navigating to https://www.grainger.ca/en/search?searchQuery=ATL-14505 (attempt 1/3)
2025-11-18T23:50:07.463Z DEBUG [grainger] Successfully navigated to https://www.grainger.ca/en/search?searchQuery=ATL-14505
2025-11-18T23:50:07.472Z DEBUG [grainger] No product items found
2025-11-18T23:50:07.472Z DEBUG [grainger] Step 2: Searching by name + brand...
2025-11-18T23:50:07.472Z DEBUG [grainger] Searching by name: wall hugger wall wash tool 8'' (brand: ATL)
2025-11-18T23:50:08.839Z DEBUG [grainger] Navigating to https://www.grainger.ca/en/search?searchQuery=ATL%20wall%20hugger%20wall%20wash%20tool%208'' (attempt 1/3)
2025-11-18T23:50:09.990Z DEBUG [grainger] Successfully navigated to https://www.grainger.ca/en/search?searchQuery=ATL%20wall%20hugger%20wall%20wash%20tool%208''
2025-11-18T23:50:10.001Z DEBUG [grainger] No products found in results
2025-11-18T23:50:10.001Z INFO  [grainger] ✗ Product not found on Grainger Canada
2025-11-18T23:50:11.503Z INFO  [grainger] 
[3/576] Processing: ATL-14509
2025-11-18T23:50:11.503Z INFO  [grainger] Scraping product: ATL-14509 - WALL HUGGER Wall mop cotton white tie-on 8''
2025-11-18T23:50:11.503Z DEBUG [grainger] Step 1: Searching by SKU...
2025-11-18T23:50:11.504Z DEBUG [grainger] Searching for SKU: ATL-14509
2025-11-18T23:50:11.504Z DEBUG [grainger] Navigating to https://www.grainger.ca/en/search?searchQuery=ATL-14509 (attempt 1/3)
2025-11-18T23:50:12.681Z DEBUG [grainger] Successfully navigated to https://www.grainger.ca/en/search?searchQuery=ATL-14509
2025-11-18T23:50:12.690Z DEBUG [grainger] No product items found
2025-11-18T23:50:12.691Z DEBUG [grainger] Step 2: Searching by name + brand...
2025-11-18T23:50:12.691Z DEBUG [grainger] Searching by name: wall hugger wall mop cotton white tie-on 8'' (brand: ATL)
2025-11-18T23:50:14.006Z DEBUG [grainger] Navigating to https://www.grainger.ca/en/search?searchQuery=ATL%20wall%20hugger%20wall%20mop%20cotton%20white%20tie-on%208'' (attempt 1/3)
2025-11-18T23:50:15.097Z DEBUG [grainger] Successfully navigated to https://www.grainger.ca/en/search?searchQuery=ATL%20wall%20hugger%20wall%20mop%20cotton%20white%20tie-on%208''
2025-11-18T23:50:15.107Z DEBUG [grainger] No products found in results
2025-11-18T23:50:15.108Z INFO  [grainger] ✗ Product not found on Grainger Canada
2025-11-18T23:50:16.609Z INFO  [grainger] 
[4/576] Processing: ATL-21801
2025-11-18T23:50:16.610Z INFO  [grainger] Scraping product: ATL-21801 - FLEXI-DUSTER Flexible frame
2025-11-18T23:50:16.610Z DEBUG [grainger] Step 1: Searching by SKU...
2025-11-18T23:50:16.610Z DEBUG [grainger] Searching for SKU: ATL-21801
2025-11-18T23:50:16.610Z DEBUG [grainger] Navigating to https://www.grainger.ca/en/search?searchQuery=ATL-21801 (attempt 1/3)
2025-11-18T23:50:17.733Z DEBUG [grainger] Successfully navigated to https://www.grainger.ca/en/search?searchQuery=ATL-21801
2025-11-18T23:50:17.742Z DEBUG [grainger] No product items found
2025-11-18T23:50:17.742Z DEBUG [grainger] Step 2: Searching by name + brand...
2025-11-18T23:50:17.742Z DEBUG [grainger] Searching by name: flexi-duster flexible frame (brand: ATL)
2025-11-18T23:50:19.110Z DEBUG [grainger] Navigating to https://www.grainger.ca/en/search?searchQuery=ATL%20flexi-duster%20flexible%20frame (attempt 1/3)
2025-11-18T23:50:20.199Z DEBUG [grainger] Successfully navigated to https://www.grainger.ca/en/search?searchQuery=ATL%20flexi-duster%20flexible%20frame
2025-11-18T23:50:20.208Z DEBUG [grainger] No products found in results
2025-11-18T23:50:20.208Z INFO  [grainger] ✗ Product not found on Grainger Canada
2025-11-18T23:50:21.709Z INFO  [grainger] 
[5/576] Processing: ATL-21924
2025-11-18T23:50:21.710Z INFO  [grainger] Scraping product: ATL-21924 - Handle & Kwik Frame 60cm #21924
2025-11-18T23:50:21.710Z DEBUG [grainger] Step 1: Searching by SKU...
2025-11-18T23:50:21.710Z DEBUG [grainger] Searching for SKU: ATL-21924
2025-11-18T23:50:21.710Z DEBUG [grainger] Navigating to https://www.grainger.ca/en/search?searchQuery=ATL-21924 (attempt 1/3)
2025-11-18T23:50:22.854Z DEBUG [grainger] Successfully navigated to https://www.grainger.ca/en/search?searchQuery=ATL-21924
2025-11-18T23:50:22.867Z DEBUG [grainger] No product items found
2025-11-18T23:50:22.868Z DEBUG [grainger] Step 2: Searching by name + brand...
2025-11-18T23:50:22.868Z DEBUG [grainger] Searching by name: handle & kwik frame 60cm #21924 (brand: ATL)
2025-11-18T23:50:24.210Z DEBUG [grainger] Navigating to https://www.grainger.ca/en/search?searchQuery=ATL%20handle%20%26%20kwik%20frame%2060cm%20%2321924 (attempt 1/3)
2025-11-18T23:50:25.457Z DEBUG [grainger] Successfully navigated to https://www.grainger.ca/en/search?searchQuery=ATL%20handle%20%26%20kwik%20frame%2060cm%20%2321924
2025-11-18T23:50:25.465Z DEBUG [grainger] No products found in results
2025-11-18T23:50:25.466Z INFO  [grainger] ✗ Product not found on Grainger Canada
2025-11-18T23:50:26.967Z INFO  [grainger] 
[6/576] Processing: ATL-25
2025-11-18T23:50:26.968Z INFO  [grainger] Scraping product: ATL-25 - Bowl brush polypropylene turks head
2025-11-18T23:50:26.970Z DEBUG [grainger] Step 1: Searching by SKU...
2025-11-18T23:50:26.970Z DEBUG [grainger] Searching for SKU: ATL-25
2025-11-18T23:50:26.970Z DEBUG [grainger] Navigating to https://www.grainger.ca/en/search?searchQuery=ATL-25 (attempt 1/3)
2025-11-18T23:50:28.102Z DEBUG [grainger] Successfully navigated to https://www.grainger.ca/en/search?searchQuery=ATL-25
2025-11-18T23:50:28.111Z DEBUG [grainger] No product items found
2025-11-18T23:50:28.111Z DEBUG [grainger] Step 2: Searching by name + brand...
2025-11-18T23:50:28.111Z DEBUG [grainger] Searching by name: bowl brush polypropylene turks head (brand: ATL)
2025-11-18T23:50:29.471Z DEBUG [grainger] Navigating to https://www.grainger.ca/en/search?searchQuery=ATL%20bowl%20brush%20polypropylene%20turks%20head (attempt 1/3)
2025-11-18T23:50:30.553Z DEBUG [grainger] Successfully navigated to https://www.grainger.ca/en/search?searchQuery=ATL%20bowl%20brush%20polypropylene%20turks%20head
2025-11-18T23:50:30.562Z DEBUG [grainger] No products found in results
2025-11-18T23:50:30.562Z INFO  [grainger] ✗ Product not found on Grainger Canada
2025-11-18T23:50:32.063Z INFO  [grainger] 
[7/576] Processing: ATL-2501
2025-11-18T23:50:32.064Z INFO  [grainger] Scraping product: ATL-2501 - Threaded 15/16'' handle metal black 48''
2025-11-18T23:50:32.064Z DEBUG [grainger] Step 1: Searching by SKU...
2025-11-18T23:50:32.064Z DEBUG [grainger] Searching for SKU: ATL-2501
2025-11-18T23:50:32.064Z DEBUG [grainger] Navigating to https://www.grainger.ca/en/search?searchQuery=ATL-2501 (attempt 1/3)
2025-11-18T23:50:33.231Z DEBUG [grainger] Successfully navigated to https://www.grainger.ca/en/search?searchQuery=ATL-2501
2025-11-18T23:50:33.240Z DEBUG [grainger] No product items found
2025-11-18T23:50:33.240Z DEBUG [grainger] Step 2: Searching by name + brand...
2025-11-18T23:50:33.240Z DEBUG [grainger] Searching by name: threaded 15/16'' handle metal black 48'' (brand: ATL)
2025-11-18T23:50:34.565Z DEBUG [grainger] Navigating to https://www.grainger.ca/en/search?searchQuery=ATL%20threaded%2015%2F16''%20handle%20metal%20black%2048'' (attempt 1/3)
2025-11-18T23:50:35.729Z DEBUG [grainger] Successfully navigated to https://www.grainger.ca/en/search?searchQuery=ATL%20threaded%2015%2F16''%20handle%20metal%20black%2048''
2025-11-18T23:50:35.739Z DEBUG [grainger] No products found in results
2025-11-18T23:50:35.739Z INFO  [grainger] ✗ Product not found on Grainger Canada
2025-11-18T23:50:37.240Z INFO  [grainger] 
[8/576] Processing: ATL-311
2025-11-18T23:50:37.241Z INFO  [grainger] Scraping product: ATL-311 - WOOLY WONDER Flexible duster lambswool telescopic 30''-44''
2025-11-18T23:50:37.241Z DEBUG [grainger] Step 1: Searching by SKU...
2025-11-18T23:50:37.241Z DEBUG [grainger] Searching for SKU: ATL-311
2025-11-18T23:50:37.241Z DEBUG [grainger] Navigating to https://www.grainger.ca/en/search?searchQuery=ATL-311 (attempt 1/3)
2025-11-18T23:50:38.376Z DEBUG [grainger] Successfully navigated to https://www.grainger.ca/en/search?searchQuery=ATL-311
2025-11-18T23:50:38.386Z DEBUG [grainger] No product items found
2025-11-18T23:50:38.386Z DEBUG [grainger] Step 2: Searching by name + brand...
2025-11-18T23:50:38.386Z DEBUG [grainger] Searching by name: wooly wonder flexible duster lambswool telescopic 30''-44'' (brand: ATL)
2025-11-18T23:50:39.742Z DEBUG [grainger] Navigating to https://www.grainger.ca/en/search?searchQuery=ATL%20wooly%20wonder%20flexible%20duster%20lambswool%20telescopic%2030''-44'' (attempt 1/3)
2025-11-18T23:50:40.901Z DEBUG [grainger] Successfully navigated to https://www.grainger.ca/en/search?searchQuery=ATL%20wooly%20wonder%20flexible%20duster%20lambswool%20telescopic%2030''-44''
2025-11-18T23:50:40.909Z DEBUG [grainger] No products found in results
2025-11-18T23:50:40.909Z INFO  [grainger] ✗ Product not found on Grainger Canada
2025-11-18T23:50:42.411Z INFO  [grainger] 
[9/576] Processing: ATL-315
2025-11-18T23:50:42.411Z INFO  [grainger] Scraping product: ATL-315 - Vehicule brush rectangular acid-resistant 10''
2025-11-18T23:50:42.412Z DEBUG [grainger] Step 1: Searching by SKU...
2025-11-18T23:50:42.412Z DEBUG [grainger] Searching for SKU: ATL-315
2025-11-18T23:50:42.412Z DEBUG [grainger] Navigating to https://www.grainger.ca/en/search?searchQuery=ATL-315 (attempt 1/3)
2025-11-18T23:50:43.524Z DEBUG [grainger] Successfully navigated to https://www.grainger.ca/en/search?searchQuery=ATL-315
2025-11-18T23:50:43.534Z DEBUG [grainger] No product items found
2025-11-18T23:50:43.534Z DEBUG [grainger] Step 2: Searching by name + brand...
2025-11-18T23:50:43.534Z DEBUG [grainger] Searching by name: vehicule brush rectangular acid-resistant 10'' (brand: ATL)
2025-11-18T23:50:44.914Z DEBUG [grainger] Navigating to https://www.grainger.ca/en/search?searchQuery=ATL%20vehicule%20brush%20rectangular%20acid-resistant%2010'' (attempt 1/3)
2025-11-18T23:50:45.995Z DEBUG [grainger] Successfully navigated to https://www.grainger.ca/en/search?searchQuery=ATL%20vehicule%20brush%20rectangular%20acid-resistant%2010''
2025-11-18T23:50:46.003Z DEBUG [grainger] No products found in results
2025-11-18T23:50:46.003Z INFO  [grainger] ✗ Product not found on Grainger Canada
2025-11-18T23:50:47.504Z INFO  [grainger] 
[10/576] Processing: ATL-336
2025-11-18T23:50:47.504Z INFO  [grainger] Scraping product: ATL-336 - Scrub brush rectangular union fibre with squeegee 11''
2025-11-18T23:50:47.504Z DEBUG [grainger] Step 1: Searching by SKU...
2025-11-18T23:50:47.504Z DEBUG [grainger] Searching for SKU: ATL-336
2025-11-18T23:50:47.504Z DEBUG [grainger] Navigating to https://www.grainger.ca/en/search?searchQuery=ATL-336 (attempt 1/3)
2025-11-18T23:50:48.605Z DEBUG [grainger] Successfully navigated to https://www.grainger.ca/en/search?searchQuery=ATL-336
2025-11-18T23:50:48.613Z DEBUG [grainger] No product items found
2025-11-18T23:50:48.613Z DEBUG [grainger] Step 2: Searching by name + brand...
2025-11-18T23:50:48.613Z DEBUG [grainger] Searching by name: scrub brush rectangular union fibre with squeegee 11'' (brand: ATL)
2025-11-18T23:50:50.005Z DEBUG [grainger] Navigating to https://www.grainger.ca/en/search?searchQuery=ATL%20scrub%20brush%20rectangular%20union%20fibre%20with%20squeegee%2011'' (attempt 1/3)
2025-11-18T23:50:51.109Z DEBUG [grainger] Successfully navigated to https://www.grainger.ca/en/search?searchQuery=ATL%20scrub%20brush%20rectangular%20union%20fibre%20with%20squeegee%2011''
2025-11-18T23:50:51.120Z DEBUG [grainger] No products found in results
2025-11-18T23:50:51.120Z INFO  [grainger] ✗ Product not found on Grainger Canada
2025-11-18T23:50:52.622Z INFO  [grainger] 
[11/576] Processing: ATL-36780
2025-11-18T23:50:52.622Z INFO  [grainger] Scraping product: ATL-36780 - KWIK Handle aluminium 60''
2025-11-18T23:50:52.622Z DEBUG [grainger] Step 1: Searching by SKU...
2025-11-18T23:50:52.622Z DEBUG [grainger] Searching for SKU: ATL-36780
2025-11-18T23:50:52.622Z DEBUG [grainger] Navigating to https://www.grainger.ca/en/search?searchQuery=ATL-36780 (attempt 1/3)
2025-11-18T23:50:53.697Z DEBUG [grainger] Successfully navigated to https://www.grainger.ca/en/search?searchQuery=ATL-36780
2025-11-18T23:50:53.705Z DEBUG [grainger] No product items found
2025-11-18T23:50:53.706Z DEBUG [grainger] Step 2: Searching by name + brand...
2025-11-18T23:50:53.706Z DEBUG [grainger] Searching by name: kwik handle aluminium 60'' (brand: ATL)
2025-11-18T23:50:55.122Z DEBUG [grainger] Navigating to https://www.grainger.ca/en/search?searchQuery=ATL%20kwik%20handle%20aluminium%2060'' (attempt 1/3)
2025-11-18T23:50:56.385Z DEBUG [grainger] Successfully navigated to https://www.grainger.ca/en/search?searchQuery=ATL%20kwik%20handle%20aluminium%2060''
2025-11-18T23:50:56.395Z DEBUG [grainger] No products found in results
2025-11-18T23:50:56.395Z INFO  [grainger] ✗ Product not found on Grainger Canada
2025-11-18T23:50:57.896Z INFO  [grainger] 
[12/576] Processing: ATL-36781
2025-11-18T23:50:57.897Z INFO  [grainger] Scraping product: ATL-36781 - KWIK Telescopic handle aluminium 40''-67''
2025-11-18T23:50:57.897Z DEBUG [grainger] Step 1: Searching by SKU...
2025-11-18T23:50:57.897Z DEBUG [grainger] Searching for SKU: ATL-36781
2025-11-18T23:50:57.897Z DEBUG [grainger] Navigating to https://www.grainger.ca/en/search?searchQuery=ATL-36781 (attempt 1/3)
2025-11-18T23:50:58.977Z DEBUG [grainger] Successfully navigated to https://www.grainger.ca/en/search?searchQuery=ATL-36781
2025-11-18T23:50:58.986Z DEBUG [grainger] No product items found
2025-11-18T23:50:58.986Z DEBUG [grainger] Step 2: Searching by name + brand...
2025-11-18T23:50:58.986Z DEBUG [grainger] Searching by name: kwik telescopic handle aluminium 40''-67'' (brand: ATL)
2025-11-18T23:51:00.396Z DEBUG [grainger] Navigating to https://www.grainger.ca/en/search?searchQuery=ATL%20kwik%20telescopic%20handle%20aluminium%2040''-67'' (attempt 1/3)
2025-11-18T23:51:01.479Z DEBUG [grainger] Successfully navigated to https://www.grainger.ca/en/search?searchQuery=ATL%20kwik%20telescopic%20handle%20aluminium%2040''-67''
2025-11-18T23:51:01.488Z DEBUG [grainger] No products found in results
2025-11-18T23:51:01.488Z INFO  [grainger] ✗ Product not found on Grainger Canada
2025-11-18T23:51:02.989Z INFO  [grainger] 
[13/576] Processing: RUB-9w32-00--bla
2025-11-18T23:51:02.989Z INFO  [grainger] Scraping product: RUB-9w32-00--bla - INFINITY Wall mount smoking receptacle – stainless steel/black
2025-11-18T23:51:02.990Z DEBUG [grainger] Step 1: Searching by SKU...
2025-11-18T23:51:02.990Z DEBUG [grainger] Searching for SKU: RUB-9w32-00--bla
2025-11-18T23:51:02.990Z DEBUG [grainger] Navigating to https://www.grainger.ca/en/search?searchQuery=RUB-9w32-00--bla (attempt 1/3)
2025-11-18T23:51:04.082Z DEBUG [grainger] Successfully navigated to https://www.grainger.ca/en/search?searchQuery=RUB-9w32-00--bla
2025-11-18T23:51:04.091Z DEBUG [grainger] No product items found
2025-11-18T23:51:04.091Z DEBUG [grainger] Step 2: Searching by name + brand...
2025-11-18T23:51:04.091Z DEBUG [grainger] Searching by name: infinity wall mount smoking receptacle – stainless steel/black (brand: RUB)
2025-11-18T23:51:05.491Z DEBUG [grainger] Navigating to https://www.grainger.ca/en/search?searchQuery=RUB%20infinity%20wall%20mount%20smoking%20receptacle%20%E2%80%93%20stainless%20steel%2Fblack (attempt 1/3)
2025-11-18T23:51:06.914Z DEBUG [grainger] Successfully navigated to https://www.grainger.ca/en/search?searchQuery=RUB%20infinity%20wall%20mount%20smoking%20receptacle%20%E2%80%93%20stainless%20steel%2Fblack
2025-11-18T23:51:06.923Z DEBUG [grainger] No products found in results
2025-11-18T23:51:06.923Z INFO  [grainger] ✗ Product not found on Grainger Canada
2025-11-18T23:51:08.424Z INFO  [grainger] 
[14/576] Processing: RUB-9w32-00--bla
2025-11-18T23:51:08.425Z INFO  [grainger] Scraping product: RUB-9w32-00--bla - INFINITY Wall mount smoking receptacle – stainless steel/black
2025-11-18T23:51:08.425Z DEBUG [grainger] Step 1: Searching by SKU...
2025-11-18T23:51:08.425Z DEBUG [grainger] Searching for SKU: RUB-9w32-00--bla
2025-11-18T23:51:08.425Z DEBUG [grainger] Navigating to https://www.grainger.ca/en/search?searchQuery=RUB-9w32-00--bla (attempt 1/3)
2025-11-18T23:51:09.548Z DEBUG [grainger] Successfully navigated to https://www.grainger.ca/en/search?searchQuery=RUB-9w32-00--bla
2025-11-18T23:51:09.557Z DEBUG [grainger] No product items found
2025-11-18T23:51:09.557Z DEBUG [grainger] Step 2: Searching by name + brand...
2025-11-18T23:51:09.557Z DEBUG [grainger] Searching by name: infinity wall mount smoking receptacle – stainless steel/black (brand: RUB)
2025-11-18T23:51:10.925Z DEBUG [grainger] Navigating to https://www.grainger.ca/en/search?searchQuery=RUB%20infinity%20wall%20mount%20smoking%20receptacle%20%E2%80%93%20stainless%20steel%2Fblack (attempt 1/3)
2025-11-18T23:51:12.017Z DEBUG [grainger] Successfully navigated to https://www.grainger.ca/en/search?searchQuery=RUB%20infinity%20wall%20mount%20smoking%20receptacle%20%E2%80%93%20stainless%20steel%2Fblack
2025-11-18T23:51:12.027Z DEBUG [grainger] No products found in results
2025-11-18T23:51:12.027Z INFO  [grainger] ✗ Product not found on Grainger Canada
2025-11-18T23:51:13.526Z INFO  [grainger] 
[15/576] Processing: ATL-1150
2025-11-18T23:51:13.527Z INFO  [grainger] Scraping product: ATL-1150 - HYDRO THRUST Toilet plunger
2025-11-18T23:51:13.527Z DEBUG [grainger] Step 1: Searching by SKU...
2025-11-18T23:51:13.527Z DEBUG [grainger] Searching for SKU: ATL-1150
2025-11-18T23:51:13.527Z DEBUG [grainger] Navigating to https://www.grainger.ca/en/search?searchQuery=ATL-1150 (attempt 1/3)
2025-11-18T23:51:14.603Z DEBUG [grainger] Successfully navigated to https://www.grainger.ca/en/search?searchQuery=ATL-1150
2025-11-18T23:51:14.612Z DEBUG [grainger] No product items found
2025-11-18T23:51:14.612Z DEBUG [grainger] Step 2: Searching by name + brand...
2025-11-18T23:51:14.612Z DEBUG [grainger] Searching by name: hydro thrust toilet plunger (brand: ATL)
2025-11-18T23:51:16.028Z DEBUG [grainger] Navigating to https://www.grainger.ca/en/search?searchQuery=ATL%20hydro%20thrust%20toilet%20plunger (attempt 1/3)
2025-11-18T23:51:17.216Z DEBUG [grainger] Successfully navigated to https://www.grainger.ca/en/search?searchQuery=ATL%20hydro%20thrust%20toilet%20plunger
2025-11-18T23:51:17.225Z DEBUG [grainger] No products found in results
2025-11-18T23:51:17.225Z INFO  [grainger] ✗ Product not found on Grainger Canada
2025-11-18T23:51:18.730Z INFO  [grainger] 
[16/576] Processing: FDT-100-EH-BP
2025-11-18T23:51:18.731Z INFO  [grainger] Scraping product: FDT-100-EH-BP - Horizontale Surface Mount (EZMount Backer Palte Included) Ligth Gray
2025-11-18T23:51:18.731Z DEBUG [grainger] Step 1: Searching by SKU...
2025-11-18T23:51:18.731Z DEBUG [grainger] Searching for SKU: FDT-100-EH-BP
2025-11-18T23:51:18.731Z DEBUG [grainger] Navigating to https://www.grainger.ca/en/search?searchQuery=FDT-100-EH-BP (attempt 1/3)
2025-11-18T23:51:20.896Z DEBUG [grainger] Successfully navigated to https://www.grainger.ca/en/search?searchQuery=FDT-100-EH-BP
2025-11-18T23:51:20.909Z DEBUG [grainger] No product items found
2025-11-18T23:51:20.909Z DEBUG [grainger] Step 2: Searching by name + brand...
2025-11-18T23:51:20.909Z DEBUG [grainger] Searching by name: horizontale surface mount (ezmount backer palte included) ligth gray (brand: FDT)
2025-11-18T23:51:21.233Z DEBUG [grainger] Navigating to https://www.grainger.ca/en/search?searchQuery=FDT%20horizontale%20surface%20mount%20(ezmount%20backer%20palte%20included)%20ligth%20gray (attempt 1/3)
2025-11-18T23:51:22.408Z DEBUG [grainger] Successfully navigated to https://www.grainger.ca/en/search?searchQuery=FDT%20horizontale%20surface%20mount%20(ezmount%20backer%20palte%20included)%20ligth%20gray
2025-11-18T23:51:22.418Z DEBUG [grainger] No products found in results
2025-11-18T23:51:22.418Z INFO  [grainger] ✗ Product not found on Grainger Canada
2025-11-18T23:51:23.919Z INFO  [grainger] 
[17/576] Processing: M2P-WA2026
2025-11-18T23:51:23.920Z INFO  [grainger] Scraping product: M2P-WA2026 - Heavy duty bowl plunger
2025-11-18T23:51:23.920Z DEBUG [grainger] Step 1: Searching by SKU...
2025-11-18T23:51:23.920Z DEBUG [grainger] Searching for SKU: M2P-WA2026
2025-11-18T23:51:23.920Z DEBUG [grainger] Navigating to https://www.grainger.ca/en/search?searchQuery=M2P-WA2026 (attempt 1/3)
2025-11-18T23:51:25.023Z DEBUG [grainger] Successfully navigated to https://www.grainger.ca/en/search?searchQuery=M2P-WA2026
2025-11-18T23:51:25.032Z DEBUG [grainger] No product items found
2025-11-18T23:51:25.032Z DEBUG [grainger] Step 2: Searching by name + brand...
2025-11-18T23:51:25.032Z DEBUG [grainger] Searching by name: heavy duty bowl plunger (brand: M2P)
2025-11-18T23:51:26.421Z DEBUG [grainger] Navigating to https://www.grainger.ca/en/search?searchQuery=M2P%20heavy%20duty%20bowl%20plunger (attempt 1/3)
2025-11-18T23:51:27.567Z DEBUG [grainger] Successfully navigated to https://www.grainger.ca/en/search?searchQuery=M2P%20heavy%20duty%20bowl%20plunger
2025-11-18T23:51:27.576Z DEBUG [grainger] No products found in results
2025-11-18T23:51:27.576Z INFO  [grainger] ✗ Product not found on Grainger Canada
2025-11-18T23:51:29.077Z INFO  [grainger] 
[18/576] Processing: ATL-816
2025-11-18T23:51:29.078Z INFO  [grainger] Scraping product: ATL-816 - Bowl brush caddy
2025-11-18T23:51:29.078Z DEBUG [grainger] Step 1: Searching by SKU...
2025-11-18T23:51:29.078Z DEBUG [grainger] Searching for SKU: ATL-816
2025-11-18T23:51:29.078Z DEBUG [grainger] Navigating to https://www.grainger.ca/en/search?searchQuery=ATL-816 (attempt 1/3)
2025-11-18T23:51:30.261Z DEBUG [grainger] Successfully navigated to https://www.grainger.ca/en/search?searchQuery=ATL-816
2025-11-18T23:51:30.270Z DEBUG [grainger] No product items found
2025-11-18T23:51:30.270Z DEBUG [grainger] Step 2: Searching by name + brand...
2025-11-18T23:51:30.270Z DEBUG [grainger] Searching by name: bowl brush caddy (brand: ATL)
2025-11-18T23:51:31.580Z DEBUG [grainger] Navigating to https://www.grainger.ca/en/search?searchQuery=ATL%20bowl%20brush%20caddy (attempt 1/3)
2025-11-18T23:51:32.671Z DEBUG [grainger] Successfully navigated to https://www.grainger.ca/en/search?searchQuery=ATL%20bowl%20brush%20caddy
2025-11-18T23:51:32.683Z DEBUG [grainger] No products found in results
2025-11-18T23:51:32.684Z INFO  [grainger] ✗ Product not found on Grainger Canada
2025-11-18T23:51:34.184Z INFO  [grainger] 
[19/576] Processing: ATL-816
2025-11-18T23:51:34.185Z INFO  [grainger] Scraping product: ATL-816 - Bowl brush caddy
2025-11-18T23:51:34.185Z DEBUG [grainger] Step 1: Searching by SKU...
2025-11-18T23:51:34.185Z DEBUG [grainger] Searching for SKU: ATL-816
2025-11-18T23:51:34.185Z DEBUG [grainger] Navigating to https://www.grainger.ca/en/search?searchQuery=ATL-816 (attempt 1/3)
2025-11-18T23:51:35.296Z DEBUG [grainger] Successfully navigated to https://www.grainger.ca/en/search?searchQuery=ATL-816
2025-11-18T23:51:35.307Z DEBUG [grainger] No product items found
2025-11-18T23:51:35.307Z DEBUG [grainger] Step 2: Searching by name + brand...
2025-11-18T23:51:35.307Z DEBUG [grainger] Searching by name: bowl brush caddy (brand: ATL)
2025-11-18T23:51:36.687Z DEBUG [grainger] Navigating to https://www.grainger.ca/en/search?searchQuery=ATL%20bowl%20brush%20caddy (attempt 1/3)
2025-11-18T23:51:37.834Z DEBUG [grainger] Successfully navigated to https://www.grainger.ca/en/search?searchQuery=ATL%20bowl%20brush%20caddy
2025-11-18T23:51:37.845Z DEBUG [grainger] No products found in results
2025-11-18T23:51:37.845Z INFO  [grainger] ✗ Product not found on Grainger Canada
2025-11-18T23:51:39.347Z INFO  [grainger] 
[20/576] Processing: FDT-100-EH-BP
2025-11-18T23:51:39.347Z INFO  [grainger] Scraping product: FDT-100-EH-BP - Horizontale Surface Mount (EZMount Backer Palte Included) Ligth Gray
2025-11-18T23:51:39.348Z DEBUG [grainger] Step 1: Searching by SKU...
2025-11-18T23:51:39.348Z DEBUG [grainger] Searching for SKU: FDT-100-EH-BP
2025-11-18T23:51:39.348Z DEBUG [grainger] Navigating to https://www.grainger.ca/en/search?searchQuery=FDT-100-EH-BP (attempt 1/3)
2025-11-18T23:51:40.524Z DEBUG [grainger] Successfully navigated to https://www.grainger.ca/en/search?searchQuery=FDT-100-EH-BP
2025-11-18T23:51:40.535Z DEBUG [grainger] No product items found
2025-11-18T23:51:40.535Z DEBUG [grainger] Step 2: Searching by name + brand...
2025-11-18T23:51:40.535Z DEBUG [grainger] Searching by name: horizontale surface mount (ezmount backer palte included) ligth gray (brand: FDT)
2025-11-18T23:51:41.849Z DEBUG [grainger] Navigating to https://www.grainger.ca/en/search?searchQuery=FDT%20horizontale%20surface%20mount%20(ezmount%20backer%20palte%20included)%20ligth%20gray (attempt 1/3)
2025-11-18T23:51:43.437Z DEBUG [grainger] Successfully navigated to https://www.grainger.ca/en/search?searchQuery=FDT%20horizontale%20surface%20mount%20(ezmount%20backer%20palte%20included)%20ligth%20gray
2025-11-18T23:51:43.447Z DEBUG [grainger] No products found in results
2025-11-18T23:51:43.447Z INFO  [grainger] ✗ Product not found on Grainger Canada
